{
  "stats": {
    "suites": 0,
    "tests": 1,
    "passes": 1,
    "pending": 0,
    "failures": 0,
    "start": "2024-01-09T21:47:36.963Z",
    "end": "2024-01-09T21:47:39.414Z",
    "duration": 2451,
    "testsRegistered": 1,
    "passPercent": 100,
    "pendingPercent": 0,
    "other": 0,
    "hasOther": false,
    "skipped": 0,
    "hasSkipped": false
  },
  "results": [
    {
      "uuid": "b875a003-6e76-449e-b646-4325b3294cea",
      "title": "",
      "fullFile": "cypress\\e2e\\login.cy.ts",
      "file": "cypress\\e2e\\login.cy.ts",
      "beforeHooks": [],
      "afterHooks": [],
      "tests": [
        {
          "title": "login test",
          "fullTitle": "login test",
          "timedOut": null,
          "duration": 702,
          "state": "passed",
          "speed": "fast",
          "pass": true,
          "fail": false,
          "pending": false,
          "context": null,
          "code": "loginPage.navigate(\"https://trytestingthis.netlify.app/\");\nloginPage.enterUsername(\"test\");\nloginPage.enterPassword(\"test\");\nloginPage.clickLogin();",
          "err": {},
          "uuid": "017de78c-b81b-4f59-98f1-767d691d0d42",
          "parentUUID": "b875a003-6e76-449e-b646-4325b3294cea",
          "isHook": false,
          "skipped": false
        }
      ],
      "suites": [],
      "passes": [
        "017de78c-b81b-4f59-98f1-767d691d0d42"
      ],
      "failures": [],
      "pending": [],
      "skipped": [],
      "duration": 702,
      "root": true,
      "rootEmpty": false,
      "_timeout": 2000
    }
  ],
  "meta": {
    "mocha": {
      "version": "7.0.1"
    },
    "mochawesome": {
      "options": {
        "quiet": false,
        "reportFilename": "mochawesome",
        "saveHtml": false,
        "saveJson": true,
        "consoleReporter": "spec",
        "useInlineDiffs": false,
        "code": true
      },
      "version": "7.1.3"
    },
    "marge": {
      "options": {
        "charts": true,
        "overwrite": false,
        "html": false,
        "json": true,
        "reportDir": "cypress/report/mochawesome-report"
      },
      "version": "6.2.0"
    }
  }
}