{
  "stats": {
    "suites": 0,
    "tests": 1,
    "passes": 1,
    "pending": 0,
    "failures": 0,
    "start": "2024-01-09T21:12:49.373Z",
    "end": "2024-01-09T21:12:52.008Z",
    "duration": 2635,
    "testsRegistered": 1,
    "passPercent": 100,
    "pendingPercent": 0,
    "other": 0,
    "hasOther": false,
    "skipped": 0,
    "hasSkipped": false
  },
  "results": [
    {
      "uuid": "8bc51c97-b4bb-4db6-b825-c7d9f9e1a467",
      "title": "",
      "fullFile": "cypress\\e2e\\login.cy.ts",
      "file": "cypress\\e2e\\login.cy.ts",
      "beforeHooks": [],
      "afterHooks": [],
      "tests": [
        {
          "title": "login test",
          "fullTitle": "login test",
          "timedOut": null,
          "duration": 800,
          "state": "passed",
          "speed": "fast",
          "pass": true,
          "fail": false,
          "pending": false,
          "context": null,
          "code": "loginPage.navigate(\"https://trytestingthis.netlify.app/\");\nloginPage.enterUsername(\"test\");\nloginPage.enterPassword(\"test\");\nloginPage.clickLogin();",
          "err": {},
          "uuid": "9c866fa3-0610-44b0-ba84-80e881e36106",
          "parentUUID": "8bc51c97-b4bb-4db6-b825-c7d9f9e1a467",
          "isHook": false,
          "skipped": false
        }
      ],
      "suites": [],
      "passes": [
        "9c866fa3-0610-44b0-ba84-80e881e36106"
      ],
      "failures": [],
      "pending": [],
      "skipped": [],
      "duration": 800,
      "root": true,
      "rootEmpty": false,
      "_timeout": 2000
    }
  ],
  "meta": {
    "mocha": {
      "version": "7.0.1"
    },
    "mochawesome": {
      "options": {
        "quiet": false,
        "reportFilename": "mochawesome",
        "saveHtml": false,
        "saveJson": true,
        "consoleReporter": "spec",
        "useInlineDiffs": false,
        "code": true
      },
      "version": "7.1.3"
    },
    "marge": {
      "options": {
        "charts": true,
        "overwrite": false,
        "html": false,
        "json": true,
        "reportDir": "cypress/report/mochawesome-report"
      },
      "version": "6.2.0"
    }
  }
}